0 info it worked if it ends with ok
1 verbose cli [ '/usr/local/bin/node', '/usr/local/bin/npm', 'run', 'start' ]
2 info using npm@3.8.8
3 info using node@v5.4.1
4 verbose run-script [ 'prestart', 'start', 'poststart' ]
5 info lifecycle gitHub_Battle@1.0.0~prestart: gitHub_Battle@1.0.0
6 silly lifecycle gitHub_Battle@1.0.0~prestart: no script for prestart, continuing
7 info lifecycle gitHub_Battle@1.0.0~start: gitHub_Battle@1.0.0
8 verbose lifecycle gitHub_Battle@1.0.0~start: unsafe-perm in lifecycle true
9 verbose lifecycle gitHub_Battle@1.0.0~start: PATH: /usr/local/lib/node_modules/npm/bin/node-gyp-bin:/Users/Boaz/Desktop/coding/github_Battle/node_modules/.bin:/usr/local/bin:/Users/Boaz/.rvm/gems/ruby-2.2.3/bin:/Users/Boaz/.rvm/gems/ruby-2.2.3@global/bin:/Users/Boaz/.rvm/rubies/ruby-2.2.3/bin:/opt/dvr/bin:/opt/dvr/sbin:/usr/bin:/bin:/usr/sbin:/sbin:/usr/local/bin:/opt/X11/bin:/usr/local/git/bin:/usr/local/MacGPG2/bin:/opt/local/bin:/usr/local/bin:/Users/Boaz/bin:/Users/Boaz/.rvm/bin
10 verbose lifecycle gitHub_Battle@1.0.0~start: CWD: /Users/Boaz/Desktop/coding/github_Battle
11 silly lifecycle gitHub_Battle@1.0.0~start: Args: [ '-c', 'webpack-dev-server' ]
12 silly lifecycle gitHub_Battle@1.0.0~start: Returned: code: 1  signal: null
13 info lifecycle gitHub_Battle@1.0.0~start: Failed to exec start script
14 verbose stack Error: gitHub_Battle@1.0.0 start: `webpack-dev-server`
14 verbose stack Exit status 1
14 verbose stack     at EventEmitter.<anonymous> (/usr/local/lib/node_modules/npm/lib/utils/lifecycle.js:244:16)
14 verbose stack     at emitTwo (events.js:87:13)
14 verbose stack     at EventEmitter.emit (events.js:172:7)
14 verbose stack     at ChildProcess.<anonymous> (/usr/local/lib/node_modules/npm/lib/utils/spawn.js:24:14)
14 verbose stack     at emitTwo (events.js:87:13)
14 verbose stack     at ChildProcess.emit (events.js:172:7)
14 verbose stack     at maybeClose (internal/child_process.js:821:16)
14 verbose stack     at Process.ChildProcess._handle.onexit (internal/child_process.js:211:5)
15 verbose pkgid gitHub_Battle@1.0.0
16 verbose cwd /Users/Boaz/Desktop/coding/github_Battle
17 error Darwin 15.4.0
18 error argv "/usr/local/bin/node" "/usr/local/bin/npm" "run" "start"
19 error node v5.4.1
20 error npm  v3.8.8
21 error code ELIFECYCLE
22 error gitHub_Battle@1.0.0 start: `webpack-dev-server`
22 error Exit status 1
23 error Failed at the gitHub_Battle@1.0.0 start script 'webpack-dev-server'.
23 error Make sure you have the latest version of node.js and npm installed.
23 error If you do, this is most likely a problem with the gitHub_Battle package,
23 error not with npm itself.
23 error Tell the author that this fails on your system:
23 error     webpack-dev-server
23 error You can get information on how to open an issue for this project with:
23 error     npm bugs gitHub_Battle
23 error Or if that isn't available, you can get their info via:
23 error     npm owner ls gitHub_Battle
23 error There is likely additional logging output above.
24 verbose exit [ 1, true ]
